<?xml version="1.0" encoding="UTF-8"?>
<testsuite xmlns:xsi="http://www.w3.org/2001/XMLSchema-instance" xsi:noNamespaceSchemaLocation="https://maven.apache.org/surefire/maven-surefire-plugin/xsd/surefire-test-report-3.0.xsd" version="3.0" name="stepdefs.TestRunner" time="45.036" tests="4" errors="0" skipped="0" failures="0">
  <properties>
    <property name="java.specification.version" value="20"/>
    <property name="sun.cpu.isalist" value="amd64"/>
    <property name="sun.jnu.encoding" value="Cp1252"/>
    <property name="java.class.path" value="C:\Users\TVR2\Eclipse Workspace\Phase2EndProject\target\test-classes;C:\Users\TVR2\Eclipse Workspace\Phase2EndProject\target\classes;C:\Users\TVR2\.m2\repository\org\seleniumhq\selenium\selenium-java\3.141.59\selenium-java-3.141.59.jar;C:\Users\TVR2\.m2\repository\org\seleniumhq\selenium\selenium-api\3.141.59\selenium-api-3.141.59.jar;C:\Users\TVR2\.m2\repository\org\seleniumhq\selenium\selenium-chrome-driver\3.141.59\selenium-chrome-driver-3.141.59.jar;C:\Users\TVR2\.m2\repository\org\seleniumhq\selenium\selenium-edge-driver\3.141.59\selenium-edge-driver-3.141.59.jar;C:\Users\TVR2\.m2\repository\org\seleniumhq\selenium\selenium-firefox-driver\3.141.59\selenium-firefox-driver-3.141.59.jar;C:\Users\TVR2\.m2\repository\org\seleniumhq\selenium\selenium-ie-driver\3.141.59\selenium-ie-driver-3.141.59.jar;C:\Users\TVR2\.m2\repository\org\seleniumhq\selenium\selenium-opera-driver\3.141.59\selenium-opera-driver-3.141.59.jar;C:\Users\TVR2\.m2\repository\org\seleniumhq\selenium\selenium-remote-driver\3.141.59\selenium-remote-driver-3.141.59.jar;C:\Users\TVR2\.m2\repository\org\seleniumhq\selenium\selenium-safari-driver\3.141.59\selenium-safari-driver-3.141.59.jar;C:\Users\TVR2\.m2\repository\org\seleniumhq\selenium\selenium-support\3.141.59\selenium-support-3.141.59.jar;C:\Users\TVR2\.m2\repository\net\bytebuddy\byte-buddy\1.8.15\byte-buddy-1.8.15.jar;C:\Users\TVR2\.m2\repository\org\apache\commons\commons-exec\1.3\commons-exec-1.3.jar;C:\Users\TVR2\.m2\repository\com\google\guava\guava\25.0-jre\guava-25.0-jre.jar;C:\Users\TVR2\.m2\repository\com\google\code\findbugs\jsr305\1.3.9\jsr305-1.3.9.jar;C:\Users\TVR2\.m2\repository\org\checkerframework\checker-compat-qual\2.0.0\checker-compat-qual-2.0.0.jar;C:\Users\TVR2\.m2\repository\com\google\errorprone\error_prone_annotations\2.1.3\error_prone_annotations-2.1.3.jar;C:\Users\TVR2\.m2\repository\com\google\j2objc\j2objc-annotations\1.1\j2objc-annotations-1.1.jar;C:\Users\TVR2\.m2\repository\org\codehaus\mojo\animal-sniffer-annotations\1.14\animal-sniffer-annotations-1.14.jar;C:\Users\TVR2\.m2\repository\com\squareup\okhttp3\okhttp\3.11.0\okhttp-3.11.0.jar;C:\Users\TVR2\.m2\repository\com\squareup\okio\okio\1.14.0\okio-1.14.0.jar;C:\Users\TVR2\.m2\repository\io\github\bonigarcia\webdrivermanager\3.8.1\webdrivermanager-3.8.1.jar;C:\Users\TVR2\.m2\repository\org\slf4j\slf4j-api\1.7.25\slf4j-api-1.7.25.jar;C:\Users\TVR2\.m2\repository\commons-io\commons-io\2.6\commons-io-2.6.jar;C:\Users\TVR2\.m2\repository\com\google\code\gson\gson\2.8.5\gson-2.8.5.jar;C:\Users\TVR2\.m2\repository\org\apache\commons\commons-lang3\3.8.1\commons-lang3-3.8.1.jar;C:\Users\TVR2\.m2\repository\org\apache\httpcomponents\httpclient\4.5.6\httpclient-4.5.6.jar;C:\Users\TVR2\.m2\repository\org\apache\httpcomponents\httpcore\4.4.10\httpcore-4.4.10.jar;C:\Users\TVR2\.m2\repository\commons-logging\commons-logging\1.2\commons-logging-1.2.jar;C:\Users\TVR2\.m2\repository\commons-codec\commons-codec\1.10\commons-codec-1.10.jar;C:\Users\TVR2\.m2\repository\org\rauschig\jarchivelib\1.0.0\jarchivelib-1.0.0.jar;C:\Users\TVR2\.m2\repository\org\apache\commons\commons-compress\1.18\commons-compress-1.18.jar;C:\Users\TVR2\.m2\repository\org\jsoup\jsoup\1.11.3\jsoup-1.11.3.jar;C:\Users\TVR2\.m2\repository\io\cucumber\cucumber-java\5.6.0\cucumber-java-5.6.0.jar;C:\Users\TVR2\.m2\repository\io\cucumber\cucumber-core\5.6.0\cucumber-core-5.6.0.jar;C:\Users\TVR2\.m2\repository\io\cucumber\cucumber-gherkin\5.6.0\cucumber-gherkin-5.6.0.jar;C:\Users\TVR2\.m2\repository\io\cucumber\cucumber-gherkin-vintage\5.6.0\cucumber-gherkin-vintage-5.6.0.jar;C:\Users\TVR2\.m2\repository\io\cucumber\tag-expressions\2.0.4\tag-expressions-2.0.4.jar;C:\Users\TVR2\.m2\repository\io\cucumber\cucumber-expressions\8.3.1\cucumber-expressions-8.3.1.jar;C:\Users\TVR2\.m2\repository\io\cucumber\datatable\3.3.1\datatable-3.3.1.jar;C:\Users\TVR2\.m2\repository\io\cucumber\cucumber-plugin\5.6.0\cucumber-plugin-5.6.0.jar;C:\Users\TVR2\.m2\repository\io\cucumber\docstring\5.6.0\docstring-5.6.0.jar;C:\Users\TVR2\.m2\repository\org\apiguardian\apiguardian-api\1.1.0\apiguardian-api-1.1.0.jar;C:\Users\TVR2\.m2\repository\io\cucumber\cucumber-junit\5.6.0\cucumber-junit-5.6.0.jar;C:\Users\TVR2\.m2\repository\junit\junit\4.13\junit-4.13.jar;C:\Users\TVR2\.m2\repository\org\hamcrest\hamcrest-core\1.3\hamcrest-core-1.3.jar;"/>
    <property name="java.vm.vendor" value="Oracle Corporation"/>
    <property name="sun.arch.data.model" value="64"/>
    <property name="user.variant" value=""/>
    <property name="java.vendor.url" value="https://java.oracle.com/"/>
    <property name="user.timezone" value="Asia/Calcutta"/>
    <property name="os.name" value="Windows 10"/>
    <property name="java.vm.specification.version" value="20"/>
    <property name="sun.java.launcher" value="SUN_STANDARD"/>
    <property name="user.country" value="US"/>
    <property name="sun.boot.library.path" value="C:\Program Files\Java\jdk-20.0.1\bin"/>
    <property name="sun.java.command" value="C:\Users\TVR2\AppData\Local\Temp\surefire8336665634865924327\surefirebooter-20230612142531262_3.jar C:\Users\TVR2\AppData\Local\Temp\surefire8336665634865924327 2023-06-12T14-25-30_231-jvmRun1 surefire-20230612142531262_1tmp surefire_0-20230612142531262_2tmp"/>
    <property name="jdk.debug" value="release"/>
    <property name="surefire.test.class.path" value="C:\Users\TVR2\Eclipse Workspace\Phase2EndProject\target\test-classes;C:\Users\TVR2\Eclipse Workspace\Phase2EndProject\target\classes;C:\Users\TVR2\.m2\repository\org\seleniumhq\selenium\selenium-java\3.141.59\selenium-java-3.141.59.jar;C:\Users\TVR2\.m2\repository\org\seleniumhq\selenium\selenium-api\3.141.59\selenium-api-3.141.59.jar;C:\Users\TVR2\.m2\repository\org\seleniumhq\selenium\selenium-chrome-driver\3.141.59\selenium-chrome-driver-3.141.59.jar;C:\Users\TVR2\.m2\repository\org\seleniumhq\selenium\selenium-edge-driver\3.141.59\selenium-edge-driver-3.141.59.jar;C:\Users\TVR2\.m2\repository\org\seleniumhq\selenium\selenium-firefox-driver\3.141.59\selenium-firefox-driver-3.141.59.jar;C:\Users\TVR2\.m2\repository\org\seleniumhq\selenium\selenium-ie-driver\3.141.59\selenium-ie-driver-3.141.59.jar;C:\Users\TVR2\.m2\repository\org\seleniumhq\selenium\selenium-opera-driver\3.141.59\selenium-opera-driver-3.141.59.jar;C:\Users\TVR2\.m2\repository\org\seleniumhq\selenium\selenium-remote-driver\3.141.59\selenium-remote-driver-3.141.59.jar;C:\Users\TVR2\.m2\repository\org\seleniumhq\selenium\selenium-safari-driver\3.141.59\selenium-safari-driver-3.141.59.jar;C:\Users\TVR2\.m2\repository\org\seleniumhq\selenium\selenium-support\3.141.59\selenium-support-3.141.59.jar;C:\Users\TVR2\.m2\repository\net\bytebuddy\byte-buddy\1.8.15\byte-buddy-1.8.15.jar;C:\Users\TVR2\.m2\repository\org\apache\commons\commons-exec\1.3\commons-exec-1.3.jar;C:\Users\TVR2\.m2\repository\com\google\guava\guava\25.0-jre\guava-25.0-jre.jar;C:\Users\TVR2\.m2\repository\com\google\code\findbugs\jsr305\1.3.9\jsr305-1.3.9.jar;C:\Users\TVR2\.m2\repository\org\checkerframework\checker-compat-qual\2.0.0\checker-compat-qual-2.0.0.jar;C:\Users\TVR2\.m2\repository\com\google\errorprone\error_prone_annotations\2.1.3\error_prone_annotations-2.1.3.jar;C:\Users\TVR2\.m2\repository\com\google\j2objc\j2objc-annotations\1.1\j2objc-annotations-1.1.jar;C:\Users\TVR2\.m2\repository\org\codehaus\mojo\animal-sniffer-annotations\1.14\animal-sniffer-annotations-1.14.jar;C:\Users\TVR2\.m2\repository\com\squareup\okhttp3\okhttp\3.11.0\okhttp-3.11.0.jar;C:\Users\TVR2\.m2\repository\com\squareup\okio\okio\1.14.0\okio-1.14.0.jar;C:\Users\TVR2\.m2\repository\io\github\bonigarcia\webdrivermanager\3.8.1\webdrivermanager-3.8.1.jar;C:\Users\TVR2\.m2\repository\org\slf4j\slf4j-api\1.7.25\slf4j-api-1.7.25.jar;C:\Users\TVR2\.m2\repository\commons-io\commons-io\2.6\commons-io-2.6.jar;C:\Users\TVR2\.m2\repository\com\google\code\gson\gson\2.8.5\gson-2.8.5.jar;C:\Users\TVR2\.m2\repository\org\apache\commons\commons-lang3\3.8.1\commons-lang3-3.8.1.jar;C:\Users\TVR2\.m2\repository\org\apache\httpcomponents\httpclient\4.5.6\httpclient-4.5.6.jar;C:\Users\TVR2\.m2\repository\org\apache\httpcomponents\httpcore\4.4.10\httpcore-4.4.10.jar;C:\Users\TVR2\.m2\repository\commons-logging\commons-logging\1.2\commons-logging-1.2.jar;C:\Users\TVR2\.m2\repository\commons-codec\commons-codec\1.10\commons-codec-1.10.jar;C:\Users\TVR2\.m2\repository\org\rauschig\jarchivelib\1.0.0\jarchivelib-1.0.0.jar;C:\Users\TVR2\.m2\repository\org\apache\commons\commons-compress\1.18\commons-compress-1.18.jar;C:\Users\TVR2\.m2\repository\org\jsoup\jsoup\1.11.3\jsoup-1.11.3.jar;C:\Users\TVR2\.m2\repository\io\cucumber\cucumber-java\5.6.0\cucumber-java-5.6.0.jar;C:\Users\TVR2\.m2\repository\io\cucumber\cucumber-core\5.6.0\cucumber-core-5.6.0.jar;C:\Users\TVR2\.m2\repository\io\cucumber\cucumber-gherkin\5.6.0\cucumber-gherkin-5.6.0.jar;C:\Users\TVR2\.m2\repository\io\cucumber\cucumber-gherkin-vintage\5.6.0\cucumber-gherkin-vintage-5.6.0.jar;C:\Users\TVR2\.m2\repository\io\cucumber\tag-expressions\2.0.4\tag-expressions-2.0.4.jar;C:\Users\TVR2\.m2\repository\io\cucumber\cucumber-expressions\8.3.1\cucumber-expressions-8.3.1.jar;C:\Users\TVR2\.m2\repository\io\cucumber\datatable\3.3.1\datatable-3.3.1.jar;C:\Users\TVR2\.m2\repository\io\cucumber\cucumber-plugin\5.6.0\cucumber-plugin-5.6.0.jar;C:\Users\TVR2\.m2\repository\io\cucumber\docstring\5.6.0\docstring-5.6.0.jar;C:\Users\TVR2\.m2\repository\org\apiguardian\apiguardian-api\1.1.0\apiguardian-api-1.1.0.jar;C:\Users\TVR2\.m2\repository\io\cucumber\cucumber-junit\5.6.0\cucumber-junit-5.6.0.jar;C:\Users\TVR2\.m2\repository\junit\junit\4.13\junit-4.13.jar;C:\Users\TVR2\.m2\repository\org\hamcrest\hamcrest-core\1.3\hamcrest-core-1.3.jar;"/>
    <property name="sun.cpu.endian" value="little"/>
    <property name="user.home" value="C:\Users\TVR2"/>
    <property name="user.language" value="en"/>
    <property name="java.specification.vendor" value="Oracle Corporation"/>
    <property name="java.version.date" value="2023-04-18"/>
    <property name="java.home" value="C:\Program Files\Java\jdk-20.0.1"/>
    <property name="file.separator" value="\"/>
    <property name="basedir" value="C:\Users\TVR2\Eclipse Workspace\Phase2EndProject"/>
    <property name="java.vm.compressedOopsMode" value="Zero based"/>
    <property name="line.separator" value="&#10;"/>
    <property name="java.vm.specification.vendor" value="Oracle Corporation"/>
    <property name="java.specification.name" value="Java Platform API Specification"/>
    <property name="surefire.real.class.path" value="C:\Users\TVR2\AppData\Local\Temp\surefire8336665634865924327\surefirebooter-20230612142531262_3.jar"/>
    <property name="user.script" value=""/>
    <property name="sun.management.compiler" value="HotSpot 64-Bit Tiered Compilers"/>
    <property name="java.runtime.version" value="20.0.1+9-29"/>
    <property name="user.name" value="TVR2"/>
    <property name="stdout.encoding" value="Cp1252"/>
    <property name="path.separator" value=";"/>
    <property name="os.version" value="10.0"/>
    <property name="java.runtime.name" value="Java(TM) SE Runtime Environment"/>
    <property name="file.encoding" value="UTF-8"/>
    <property name="java.vm.name" value="Java HotSpot(TM) 64-Bit Server VM"/>
    <property name="localRepository" value="C:\Users\TVR2\.m2\repository"/>
    <property name="java.vendor.url.bug" value="https://bugreport.java.com/bugreport/"/>
    <property name="java.io.tmpdir" value="C:\Users\TVR2\AppData\Local\Temp\"/>
    <property name="java.version" value="20.0.1"/>
    <property name="user.dir" value="C:\Users\TVR2\Eclipse Workspace\Phase2EndProject"/>
    <property name="os.arch" value="amd64"/>
    <property name="java.vm.specification.name" value="Java Virtual Machine Specification"/>
    <property name="sun.os.patch.level" value=""/>
    <property name="native.encoding" value="Cp1252"/>
    <property name="java.library.path" value="C:\Program Files\Java\jdk-20.0.1\bin;C:\windows\Sun\Java\bin;C:\windows\system32;C:\windows;C:\Program Files (x86)\Common Files\Oracle\Java\javapath;C:\Program Files\Common Files\Oracle\Java\javapath;C:\windows\System32\WindowsPowerShell\v1.0;C:\Program Files (x86)\IncrediBuild;C:\Users\TVR2\AppData\Local\Microsoft\WindowsApps;C:\Users\TVR2\Desktop\Automation\Simplilearn\Phase2\apache-maven-3.9.1\bin;;."/>
    <property name="java.vm.info" value="mixed mode, sharing"/>
    <property name="stderr.encoding" value="Cp1252"/>
    <property name="java.vendor" value="Oracle Corporation"/>
    <property name="java.vm.version" value="20.0.1+9-29"/>
    <property name="sun.io.unicode.encoding" value="UnicodeLittle"/>
    <property name="java.class.version" value="64.0"/>
  </properties>
  <testcase name="Add the product to cart" classname="This feature will be used to test Add to cart featurefor sauce demo application" time="10.68">
    <system-out><![CDATA[
@Addtocart
Scenario: Add the product to cart                                    # src/test/java/Features/AddToCart.feature:11
  Given I have launch the application                                # stepdefs.AddToCart.i_have_launch_the_application()
  When I enter username as "standard_user"                           # stepdefs.Loginstepdefs.i_enter_username_as(java.lang.String)
  And I enter password as "secret_sauce"                             # stepdefs.Loginstepdefs.i_enter_password_as(java.lang.String)
  And I click on Login button                                        # stepdefs.Loginstepdefs.i_click_on_Login_button()
Login Succesfull
  Then I should land on home page                                    # stepdefs.Loginstepdefs.i_should_land_on_home_page()
  When I click on product name as "Sauce Lab Backpack"               # stepdefs.AddToCart.i_click_on_product_name_as(java.lang.String)
  And I click on Add to cart button                                  # stepdefs.AddToCart.i_click_on_Add_to_cart_button()
  And I click on Shopping cart link                                  # stepdefs.AddToCart.i_click_on_Shopping_cart_link()
  Then I Validate whether product is displayed in cart on cart page. # stepdefs.AddToCart.i_Validate_whether_product_is_displayed_in_cart_on_cart_page()
]]></system-out>
    <system-err><![CDATA[Jun 12, 2023 2:25:31 PM io.cucumber.junit.Cucumber <init>
WARNING: By default Cucumber is running in --non-strict mode.
This default will change to --strict and --non-strict will be removed.
You can use --strict or @CucumberOptions(strict = true) to suppress this warning
SLF4J: Failed to load class "org.slf4j.impl.StaticLoggerBinder".
SLF4J: Defaulting to no-operation (NOP) logger implementation
SLF4J: See http://www.slf4j.org/codes.html#StaticLoggerBinder for further details.
Starting ChromeDriver 114.0.5735.90 (386bc09e8f4f2e025eddae123f36f6263096ae49-refs/branch-heads/5735@{#1052}) on port 38112
Only local connections are allowed.
Please see https://chromedriver.chromium.org/security-considerations for suggestions on keeping ChromeDriver safe.
ChromeDriver was started successfully.
Jun 12, 2023 2:25:34 PM org.openqa.selenium.remote.ProtocolHandshake createSession
INFO: Detected dialect: W3C
]]></system-err>
  </testcase>
  <testcase name="Validate the Login success scenario using parameter" classname="This feature will be used to test the login functionality of SwagsLab" time="7.199">
    <system-out><![CDATA[
@Login
Scenario: Validate the Login success scenario using parameter # src/test/java/Features/Login.feature:4
  Given I have launched the application                       # stepdefs.Loginstepdefs.i_have_launched_the_application()
  When I enter username as "standard_user"                    # stepdefs.Loginstepdefs.i_enter_username_as(java.lang.String)
  And I enter password as "secret_sauce"                      # stepdefs.Loginstepdefs.i_enter_password_as(java.lang.String)
  And I click on Login button                                 # stepdefs.Loginstepdefs.i_click_on_Login_button()
Login Succesfull
  Then I should land on home page                             # stepdefs.Loginstepdefs.i_should_land_on_home_page()
]]></system-out>
    <system-err><![CDATA[Starting ChromeDriver 114.0.5735.90 (386bc09e8f4f2e025eddae123f36f6263096ae49-refs/branch-heads/5735@{#1052}) on port 15334
Only local connections are allowed.
Please see https://chromedriver.chromium.org/security-considerations for suggestions on keeping ChromeDriver safe.
ChromeDriver was started successfully.
Jun 12, 2023 2:25:43 PM org.openqa.selenium.remote.ProtocolHandshake createSession
INFO: Detected dialect: W3C
]]></system-err>
  </testcase>
  <testcase name="Validate the login failure using Scenario outline" classname="This feature will be used to test the login functionality of SwagsLab" time="13.248">
    <system-out><![CDATA[
@Login @Regression
Scenario Outline: Validate the login failure using Scenario outline                                                  # src/test/java/Features/Login.feature:21
  Given I have launched the application                                                                              # stepdefs.Loginstepdefs.i_have_launched_the_application()
  When I enter username as "standard_user"                                                                           # stepdefs.Loginstepdefs.i_enter_username_as(java.lang.String)
  And I enter password as "12345"                                                                                    # stepdefs.Loginstepdefs.i_enter_password_as(java.lang.String)
  And I click on Login button                                                                                        # stepdefs.Loginstepdefs.i_click_on_Login_button()
  Then I should get the error message as "Epic sadface: Username and password do not match any user in this service" # stepdefs.Loginstepdefs.i_should_get_the_error_message_as(java.lang.String)
]]></system-out>
    <system-err><![CDATA[Starting ChromeDriver 114.0.5735.90 (386bc09e8f4f2e025eddae123f36f6263096ae49-refs/branch-heads/5735@{#1052}) on port 24547
Only local connections are allowed.
Please see https://chromedriver.chromium.org/security-considerations for suggestions on keeping ChromeDriver safe.
ChromeDriver was started successfully.
Jun 12, 2023 2:25:50 PM org.openqa.selenium.remote.ProtocolHandshake createSession
INFO: Detected dialect: W3C
]]></system-err>
  </testcase>
  <testcase name="Validate the login failure using Scenario outline" classname="This feature will be used to test the login functionality of SwagsLab" time="13.497">
    <system-out><![CDATA[
@Login @Regression
Scenario Outline: Validate the login failure using Scenario outline                            # src/test/java/Features/Login.feature:22
  Given I have launched the application                                                        # stepdefs.Loginstepdefs.i_have_launched_the_application()
  When I enter username as "locked_out_user"                                                   # stepdefs.Loginstepdefs.i_enter_username_as(java.lang.String)
  And I enter password as "secret_sauce"                                                       # stepdefs.Loginstepdefs.i_enter_password_as(java.lang.String)
  And I click on Login button                                                                  # stepdefs.Loginstepdefs.i_click_on_Login_button()
  Then I should get the error message as "Epic sadface: Sorry, this user has been locked out." # stepdefs.Loginstepdefs.i_should_get_the_error_message_as(java.lang.String)
]]></system-out>
    <system-err><![CDATA[Starting ChromeDriver 114.0.5735.90 (386bc09e8f4f2e025eddae123f36f6263096ae49-refs/branch-heads/5735@{#1052}) on port 19212
Only local connections are allowed.
Please see https://chromedriver.chromium.org/security-considerations for suggestions on keeping ChromeDriver safe.
ChromeDriver was started successfully.
Jun 12, 2023 2:26:04 PM org.openqa.selenium.remote.ProtocolHandshake createSession
INFO: Detected dialect: W3C
]]></system-err>
  </testcase>
</testsuite>